C51 COMPILER V9.55   INTERRUPT                                                             11/28/2017 23:36:36 PAGE 1   


C51 COMPILER V9.55, COMPILATION OF MODULE INTERRUPT
OBJECT MODULE PLACED IN .\6_Output\Objects\interrupt.obj
COMPILER INVOKED BY: D:\Program Files\Keil_C51\C51\BIN\C51.EXE 2_System\interrupt.c LARGE OPTIMIZE(8,SPEED) BROWSE INCDI
                    -R(..\SpeechRecognition;.\1_Application;.\2_System;.\3_BoardDrive;.\4_FirmwareLib;.\5_ChipDrive;.\7_ReadMe) DEBUG OBJECTE
                    -XTEND PRINT(.\6_Output\Listings\interrupt.lst) TABS(2) OBJECT(.\6_Output\Objects\interrupt.obj)

line level    source

   1          #include "StdBsp.h"               //STD
   2          //#include "LaserPassingMaster.h"   //APP
   3          
   4          
   5          /********************* Timer0中断函数************************/
   6          
   7          
   8          /********************* Timer1中断函数************************/
   9          
  10          /********************* Timer2中断函数************************/
  11          
  12          /********************* Timer3中断函数************************/
  13          
  14          /********************* Timer3中断函数************************/
  15          
  16          
  17          /******************** External Interrupt ***********************/
  18          /******************** External Interrupt ***********************/
  19          /******************** External Interrupt ***********************/
  20          
  21          /********************* INT0中断函数 *************************/
  22          
  23          /***********************************************************
  24          * 名    称： 中断处理函数
  25          * 功    能：
  26          * 入口参数：  
  27          * 出口参数：
  28          * 说    明：           
  29          * 调用方法： 
  30          **********************************************************/ 
  31          void ExtInt0Handler(void) interrupt 0  
  32          {   
  33   1        ProcessInt0();        
  34   1      }
  35          
  36          /********************* INT1中断函数 *************************/
  37          
  38          
  39          /********************* INT2中断函数 *************************/
  40          
  41          
  42          /********************* INT3中断函数 *************************/
  43          
  44          
  45          /********************* INT4中断函数 *************************/
  46          
  47          
  48          /********************* Usart1 Interrupt ************************/
  49          
  50          /********************* Uart2 Interrupt ************************/
  51          
  52          

C51 COMPILER V9.55   INTERRUPT                                                             11/28/2017 23:36:36 PAGE 2   


MODULE INFORMATION:   STATIC OVERLAYABLE
   CODE SIZE        =     59    ----
   CONSTANT SIZE    =   ----    ----
   XDATA SIZE       =   ----    ----
   PDATA SIZE       =   ----    ----
   DATA SIZE        =   ----    ----
   IDATA SIZE       =   ----    ----
   BIT SIZE         =   ----    ----
END OF MODULE INFORMATION.


C51 COMPILATION COMPLETE.  0 WARNING(S),  0 ERROR(S)
